<?xml version="1.0" encoding="UTF-8"?>
<!-- Generated by org.testng.reporters.JUnitXMLReporter -->
<testsuite ignored="0" hostname="DESKTOP-1A4HR8H" failures="0" tests="4" name="Test" time="0.444" errors="0" timestamp="2022-08-29T10:16:19 IST">
  <testcase classname="scripts.Testcase3" name="tc3" time="0.107"/>
  <testcase classname="scripts.Testcase2" name="tc2" time="0.01"/>
  <testcase classname="scripts.Testcase4" name="tc1" time="0.006"/>
  <testcase classname="scripts.Testcase1" name="tc1" time="0.005"/>
</testsuite> <!-- Test -->
